<?xml version="1.0" encoding="UTF-8"?>
<testng-results ignored="0" total="1" passed="1" failed="0" skipped="0">
  <reporter-output>
  </reporter-output>
  <suite started-at="2023-12-11T15:22:16 IST" name="Default suite" finished-at="2023-12-11T15:25:08 IST" duration-ms="171776">
    <groups>
    </groups>
    <test started-at="2023-12-11T15:22:16 IST" name="Default test" finished-at="2023-12-11T15:25:08 IST" duration-ms="171776">
      <class name="logotstpkg.Logotestcls">
        <test-method is-config="true" signature="setup()[pri:0, instance:logotstpkg.Logotestcls@2cf3d63b]" started-at="2023-12-11T15:22:16 IST" name="setup" finished-at="2023-12-11T15:23:21 IST" duration-ms="65058" status="PASS">
          <reporter-output>
          </reporter-output>
        </test-method> <!-- setup -->
        <test-method signature="test()[pri:0, instance:logotstpkg.Logotestcls@2cf3d63b]" started-at="2023-12-11T15:23:21 IST" name="test" finished-at="2023-12-11T15:25:08 IST" duration-ms="106574" status="PASS">
          <reporter-output>
          </reporter-output>
        </test-method> <!-- test -->
      </class> <!-- logotstpkg.Logotestcls -->
    </test> <!-- Default test -->
  </suite> <!-- Default suite -->
</testng-results>
